This is pdfTeX, Version 3.141592653-2.6-1.40.25 (MiKTeX 23.9) (preloaded format=pdflatex 2023.10.5)  26 OCT 2023 07:45
entering extended mode
 restricted \write18 enabled.
 file:line:error style messages enabled.
 %&-line parsing enabled.
**d:/PyProj/calculus-prametric-3d-graph/Tx/laporan_kalkulus.tex
(d:/PyProj/calculus-prametric-3d-graph/Tx/laporan_kalkulus.tex
LaTeX2e <2023-06-01> patch level 1
L3 programming layer <2023-08-29>
(C:\Users\haeka\AppData\Local\Programs\MiKTeX\tex/latex/koma-script\scrarticle.cls
Document Class: scrarticle 2023/07/07 v3.41 KOMA-Script document class (article)
(C:\Users\haeka\AppData\Local\Programs\MiKTeX\tex/latex/koma-script\scrartcl.cls
Document Class: scrartcl 2023/07/07 v3.41 KOMA-Script document class (article)
(C:\Users\haeka\AppData\Local\Programs\MiKTeX\tex/latex/koma-script\scrkbase.sty
Package: scrkbase 2023/07/07 v3.41 KOMA-Script package (KOMA-Script-dependent basics and keyval usage)
 (C:\Users\haeka\AppData\Local\Programs\MiKTeX\tex/latex/koma-script\scrbase.sty
Package: scrbase 2023/07/07 v3.41 KOMA-Script package (KOMA-Script-independent basics and keyval usage)
 (C:\Users\haeka\AppData\Local\Programs\MiKTeX\tex/latex/koma-script\scrlfile.sty
Package: scrlfile 2023/07/07 v3.41 KOMA-Script package (file load hooks)
 (C:\Users\haeka\AppData\Local\Programs\MiKTeX\tex/latex/koma-script\scrlfile-hook.sty
Package: scrlfile-hook 2023/07/07 v3.41 KOMA-Script package (using LaTeX hooks)
 (C:\Users\haeka\AppData\Local\Programs\MiKTeX\tex/latex/koma-script\scrlogo.sty
Package: scrlogo 2023/07/07 v3.41 KOMA-Script package (logo)
))) (C:\Users\haeka\AppData\Local\Programs\MiKTeX\tex/latex/graphics\keyval.sty
Package: keyval 2022/05/29 v1.15 key=value parser (DPC)
\KV@toks@=\toks17
)
Applying: [2021/05/01] Usage of raw or classic option list on input line 252.
Already applied: [0000/00/00] Usage of raw or classic option list on input line 368.
)) (C:\Users\haeka\AppData\Local\Programs\MiKTeX\tex/latex/koma-script\tocbasic.sty
Package: tocbasic 2023/07/07 v3.41 KOMA-Script package (handling toc-files)
\scr@dte@tocline@numberwidth=\skip48
\scr@dte@tocline@numbox=\box51
)
Package tocbasic Info: omitting babel extension for `toc'
(tocbasic)             because of feature `nobabel' available
(tocbasic)             for `toc' on input line 133.
Class scrartcl Info: File `scrsize11pt.clo' used instead of
(scrartcl)           file `scrsize11.clo' to setup font sizes on input line 2441.
 (C:\Users\haeka\AppData\Local\Programs\MiKTeX\tex/latex/koma-script\scrsize11pt.clo
File: scrsize11pt.clo 2023/07/07 v3.41 KOMA-Script font size class option (11pt)
) (C:\Users\haeka\AppData\Local\Programs\MiKTeX\tex/latex/koma-script\typearea.sty
Package: typearea 2023/07/07 v3.41 KOMA-Script package (type area)
\ta@bcor=\skip49
\ta@div=\count185
\ta@hblk=\skip50
\ta@vblk=\skip51
\ta@temp=\skip52
\footheight=\skip53
Package typearea Info: These are the values describing the layout:
(typearea)             DIV  = 10
(typearea)             BCOR = 0.0pt
(typearea)             \paperwidth      = 597.50793pt
(typearea)              \textwidth      = 418.25555pt
(typearea)              DIV departure   = -6%
(typearea)              \evensidemargin = 47.2316pt
(typearea)              \oddsidemargin  = -12.5192pt
(typearea)             \paperheight     = 845.04694pt
(typearea)              \textheight     = 595.80026pt
(typearea)              \topmargin      = -25.16531pt
(typearea)              \headheight     = 17.0pt
(typearea)              \headsep        = 20.40001pt
(typearea)              \topskip        = 11.0pt
(typearea)              \footskip       = 47.6pt
(typearea)              \baselineskip   = 13.6pt
(typearea)              on input line 1799.
)
\c@part=\count186
\c@section=\count187
\c@subsection=\count188
\c@subsubsection=\count189
\c@paragraph=\count190
\c@subparagraph=\count191
\scr@dte@section@maxnumwidth=\skip54
Class scrartcl Info: using compatibility default `runin=bysign'
(scrartcl)           for `\section on input line 5082.
Class scrartcl Info: using compatibility default `afterindent=bysign'
(scrartcl)           for `\section on input line 5082.
\scr@dte@part@maxnumwidth=\skip55
Class scrartcl Info: using compatibility default `afterindent=false'
(scrartcl)           for `\part on input line 5090.
\scr@dte@subsection@maxnumwidth=\skip56
Class scrartcl Info: using compatibility default `runin=bysign'
(scrartcl)           for `\subsection on input line 5100.
Class scrartcl Info: using compatibility default `afterindent=bysign'
(scrartcl)           for `\subsection on input line 5100.
\scr@dte@subsubsection@maxnumwidth=\skip57
Class scrartcl Info: using compatibility default `runin=bysign'
(scrartcl)           for `\subsubsection on input line 5110.
Class scrartcl Info: using compatibility default `afterindent=bysign'
(scrartcl)           for `\subsubsection on input line 5110.
\scr@dte@paragraph@maxnumwidth=\skip58
Class scrartcl Info: using compatibility default `runin=bysign'
(scrartcl)           for `\paragraph on input line 5121.
Class scrartcl Info: using compatibility default `afterindent=bysign'
(scrartcl)           for `\paragraph on input line 5121.
\scr@dte@subparagraph@maxnumwidth=\skip59
Class scrartcl Info: using compatibility default `runin=bysign'
(scrartcl)           for `\subparagraph on input line 5131.
Class scrartcl Info: using compatibility default `afterindent=bysign'
(scrartcl)           for `\subparagraph on input line 5131.
\abovecaptionskip=\skip60
\belowcaptionskip=\skip61
\c@pti@nb@sid@b@x=\box52
Package tocbasic Info: omitting babel extension for `lof'
(tocbasic)             because of feature `nobabel' available
(tocbasic)             for `lof' on input line 6309.
\scr@dte@figure@maxnumwidth=\skip62
\c@figure=\count192
Package tocbasic Info: omitting babel extension for `lot'
(tocbasic)             because of feature `nobabel' available
(tocbasic)             for `lot' on input line 6325.
\scr@dte@table@maxnumwidth=\skip63
\c@table=\count193
Class scrartcl Info: Redefining `\numberline' on input line 6495.
\bibindent=\dimen140
)) (C:\Users\haeka\AppData\Local\Programs\MiKTeX\tex/latex/graphics\graphicx.sty
Package: graphicx 2021/09/16 v1.2d Enhanced LaTeX Graphics (DPC,SPQR)
 (C:\Users\haeka\AppData\Local\Programs\MiKTeX\tex/latex/graphics\graphics.sty
Package: graphics 2022/03/10 v1.4e Standard LaTeX Graphics (DPC,SPQR)
 (C:\Users\haeka\AppData\Local\Programs\MiKTeX\tex/latex/graphics\trig.sty
Package: trig 2021/08/11 v1.11 sin cos tan (DPC)
) (C:\Users\haeka\AppData\Local\Programs\MiKTeX\tex/latex/graphics-cfg\graphics.cfg
File: graphics.cfg 2016/06/04 v1.11 sample graphics configuration
)
Package graphics Info: Driver file: pdftex.def on input line 107.
 (C:\Users\haeka\AppData\Local\Programs\MiKTeX\tex/latex/graphics-def\pdftex.def
File: pdftex.def 2022/09/22 v1.2b Graphics/color driver for pdftex
))
\Gin@req@height=\dimen141
\Gin@req@width=\dimen142
) (C:\Users\haeka\AppData\Local\Programs\MiKTeX\tex/latex/float\float.sty
Package: float 2001/11/08 v1.3d Float enhancements (AL)
\c@float@type=\count194
\float@exts=\toks18
\float@box=\box53
\@float@everytoks=\toks19
\@floatcapt=\box54
) (C:\Users\haeka\AppData\Local\Programs\MiKTeX\tex/latex/caption\caption.sty
Package: caption 2023/08/05 v3.6o Customizing captions (AR)
 (C:\Users\haeka\AppData\Local\Programs\MiKTeX\tex/latex/caption\caption3.sty
Package: caption3 2023/07/31 v2.4d caption3 kernel (AR)
\caption@tempdima=\dimen143
\captionmargin=\dimen144
\caption@leftmargin=\dimen145
\caption@rightmargin=\dimen146
\caption@width=\dimen147
\caption@indent=\dimen148
\caption@parindent=\dimen149
\caption@hangindent=\dimen150
Package caption Info: KOMA-Script document class detected.
 (C:\Users\haeka\AppData\Local\Programs\MiKTeX\tex/latex/caption\caption-koma.sto
File: caption-koma.sto 2023/09/08 v2.0e Adaption of the caption package to the KOMA-Script document classes (AR)
))
\c@caption@flags=\count195
\c@continuedfloat=\count196
Package caption Info: float package is loaded.
Package caption Info: KOMA-Script scrextend package detected.
\caption@addmargin@hsize=\dimen151
\caption@addmargin@linewidth=\dimen152
) (C:\Users\haeka\AppData\Local\Programs\MiKTeX\tex/latex/amsmath\amsmath.sty
Package: amsmath 2023/05/13 v2.17o AMS math features
\@mathmargin=\skip64

For additional information on amsmath, use the `?' option.
(C:\Users\haeka\AppData\Local\Programs\MiKTeX\tex/latex/amsmath\amstext.sty
Package: amstext 2021/08/26 v2.01 AMS text
 (C:\Users\haeka\AppData\Local\Programs\MiKTeX\tex/latex/amsmath\amsgen.sty
File: amsgen.sty 1999/11/30 v2.0 generic functions
\@emptytoks=\toks20
\ex@=\dimen153
)) (C:\Users\haeka\AppData\Local\Programs\MiKTeX\tex/latex/amsmath\amsbsy.sty
Package: amsbsy 1999/11/29 v1.2d Bold Symbols
\pmbraise@=\dimen154
) (C:\Users\haeka\AppData\Local\Programs\MiKTeX\tex/latex/amsmath\amsopn.sty
Package: amsopn 2022/04/08 v2.04 operator names
)
\inf@bad=\count197
LaTeX Info: Redefining \frac on input line 234.
\uproot@=\count198
\leftroot@=\count199
LaTeX Info: Redefining \overline on input line 399.
LaTeX Info: Redefining \colon on input line 410.
\classnum@=\count266
\DOTSCASE@=\count267
LaTeX Info: Redefining \ldots on input line 496.
LaTeX Info: Redefining \dots on input line 499.
LaTeX Info: Redefining \cdots on input line 620.
\Mathstrutbox@=\box55
\strutbox@=\box56
LaTeX Info: Redefining \big on input line 722.
LaTeX Info: Redefining \Big on input line 723.
LaTeX Info: Redefining \bigg on input line 724.
LaTeX Info: Redefining \Bigg on input line 725.
\big@size=\dimen155
LaTeX Font Info:    Redeclaring font encoding OML on input line 743.
LaTeX Font Info:    Redeclaring font encoding OMS on input line 744.
\macc@depth=\count268
LaTeX Info: Redefining \bmod on input line 905.
LaTeX Info: Redefining \pmod on input line 910.
LaTeX Info: Redefining \smash on input line 940.
LaTeX Info: Redefining \relbar on input line 970.
LaTeX Info: Redefining \Relbar on input line 971.
\c@MaxMatrixCols=\count269
\dotsspace@=\muskip16
\c@parentequation=\count270
\dspbrk@lvl=\count271
\tag@help=\toks21
\row@=\count272
\column@=\count273
\maxfields@=\count274
\andhelp@=\toks22
\eqnshift@=\dimen156
\alignsep@=\dimen157
\tagshift@=\dimen158
\tagwidth@=\dimen159
\totwidth@=\dimen160
\lineht@=\dimen161
\@envbody=\toks23
\multlinegap=\skip65
\multlinetaggap=\skip66
\mathdisplay@stack=\toks24
LaTeX Info: Redefining \[ on input line 2953.
LaTeX Info: Redefining \] on input line 2954.
) (C:\Users\haeka\AppData\Local\Programs\MiKTeX\tex/latex/l3backend\l3backend-pdftex.def
File: l3backend-pdftex.def 2023-04-19 L3 backend support: PDF output (pdfTeX)
\l__color_backend_stack_int=\count275
\l__pdf_internal_box=\box57
) (laporan_kalkulus.aux)
\openout1 = `laporan_kalkulus.aux'.

LaTeX Font Info:    Checking defaults for OML/cmm/m/it on input line 10.
LaTeX Font Info:    ... okay on input line 10.
LaTeX Font Info:    Checking defaults for OMS/cmsy/m/n on input line 10.
LaTeX Font Info:    ... okay on input line 10.
LaTeX Font Info:    Checking defaults for OT1/cmr/m/n on input line 10.
LaTeX Font Info:    ... okay on input line 10.
LaTeX Font Info:    Checking defaults for T1/cmr/m/n on input line 10.
LaTeX Font Info:    ... okay on input line 10.
LaTeX Font Info:    Checking defaults for TS1/cmr/m/n on input line 10.
LaTeX Font Info:    ... okay on input line 10.
LaTeX Font Info:    Checking defaults for OMX/cmex/m/n on input line 10.
LaTeX Font Info:    ... okay on input line 10.
LaTeX Font Info:    Checking defaults for U/cmr/m/n on input line 10.
LaTeX Font Info:    ... okay on input line 10.
Package scrbase Info: activating english \abstractname on input line 10.
Package scrbase Info: activating english \partname on input line 10.
Package scrbase Info: activating english \figurename on input line 10.
Package scrbase Info: activating english \tablename on input line 10.
Package scrbase Info: activating english \contentsname on input line 10.
Package scrbase Info: activating english \listfigurename on input line 10.
Package scrbase Info: activating english \listtablename on input line 10.
Package scrbase Info: activating english \refname on input line 10.
Package scrbase Info: activating english \indexname on input line 10.
 (C:\Users\haeka\AppData\Local\Programs\MiKTeX\tex/context/base/mkii\supp-pdf.mkii
[Loading MPS to PDF converter (version 2006.09.02).]
\scratchcounter=\count276
\scratchdimen=\dimen162
\scratchbox=\box58
\nofMPsegments=\count277
\nofMParguments=\count278
\everyMPshowfont=\toks25
\MPscratchCnt=\count279
\MPscratchDim=\dimen163
\MPnumerator=\count280
\makeMPintoPDFobject=\count281
\everyMPtoPDFconversion=\toks26
) (C:\Users\haeka\AppData\Local\Programs\MiKTeX\tex/latex/epstopdf-pkg\epstopdf-base.sty
Package: epstopdf-base 2020-01-24 v2.11 Base part for package epstopdf
 (C:\Users\haeka\AppData\Local\Programs\MiKTeX\tex/generic/infwarerr\infwarerr.sty
Package: infwarerr 2019/12/03 v1.5 Providing info/warning/error messages (HO)
) (C:\Users\haeka\AppData\Local\Programs\MiKTeX\tex/latex/grfext\grfext.sty
Package: grfext 2019/12/03 v1.3 Manage graphics extensions (HO)
 (C:\Users\haeka\AppData\Local\Programs\MiKTeX\tex/generic/kvdefinekeys\kvdefinekeys.sty
Package: kvdefinekeys 2019-12-19 v1.6 Define keys (HO)
)) (C:\Users\haeka\AppData\Local\Programs\MiKTeX\tex/latex/kvoptions\kvoptions.sty
Package: kvoptions 2022-06-15 v3.15 Key value format for package options (HO)
 (C:\Users\haeka\AppData\Local\Programs\MiKTeX\tex/generic/ltxcmds\ltxcmds.sty
Package: ltxcmds 2020-05-10 v1.25 LaTeX kernel commands for general use (HO)
) (C:\Users\haeka\AppData\Local\Programs\MiKTeX\tex/latex/kvsetkeys\kvsetkeys.sty
Package: kvsetkeys 2022-10-05 v1.19 Key value parser (HO)
)) (C:\Users\haeka\AppData\Local\Programs\MiKTeX\tex/generic/pdftexcmds\pdftexcmds.sty
Package: pdftexcmds 2020-06-27 v0.33 Utility functions of pdfTeX for LuaTeX (HO)
 (C:\Users\haeka\AppData\Local\Programs\MiKTeX\tex/generic/iftex\iftex.sty
Package: iftex 2022/02/03 v1.0f TeX engine tests
)
Package pdftexcmds Info: \pdf@primitive is available.
Package pdftexcmds Info: \pdf@ifprimitive is available.
Package pdftexcmds Info: \pdfdraftmode found.
)
Package epstopdf-base Info: Redefining graphics rule for `.eps' on input line 485.
Package grfext Info: Graphics extension search list:
(grfext)             [.pdf,.png,.jpg,.mps,.jpeg,.jbig2,.jb2,.PDF,.PNG,.JPG,.JPEG,.JBIG2,.JB2,.eps]
(grfext)             \AppendGraphicsExtensions on input line 504.
 (C:\Users\haeka\AppData\Local\Programs\MiKTeX\tex/latex/00miktex\epstopdf-sys.cfg
File: epstopdf-sys.cfg 2021/03/18 v2.0 Configuration of epstopdf for MiKTeX
))
Package caption Info: Begin \AtBeginDocument code.
Package caption Info: End \AtBeginDocument code.
<image2.png, id=1, 308.65312pt x 298.86656pt>
File: image2.png Graphic file (type png)
<use image2.png>
Package pdftex.def Info: image2.png  used on input line 23.
(pdftex.def)             Requested size: 195.44025pt x 189.24915pt.
<27.png, id=3, 316.18124pt x 292.84406pt>
File: 27.png Graphic file (type png)
<use 27.png>
Package pdftex.def Info: 27.png  used on input line 34.
(pdftex.def)             Requested size: 195.44025pt x 181.01628pt.

Underfull \vbox (badness 2384) has occurred while \output is active []

 [1


{C:/Users/haeka/AppData/Local/MiKTeX/fonts/map/pdftex/pdftex.map} <./image2.png>]
<31.png, id=16, 312.41719pt x 299.61937pt>
File: 31.png Graphic file (type png)
<use 31.png>
Package pdftex.def Info: 31.png  used on input line 47.
(pdftex.def)             Requested size: 195.44025pt x 187.43994pt.
<32.png, id=17, 294.1389pt x 288.3573pt>
File: 32.png Graphic file (type png)
<use 32.png>
Package pdftex.def Info: 32.png  used on input line 57.
(pdftex.def)             Requested size: 195.44025pt x 191.60559pt.

Underfull \vbox (badness 2111) has occurred while \output is active []

 [2 <./27.png> <./31.png>]
<33.png, id=23, 294.1389pt x 286.9119pt>
File: 33.png Graphic file (type png)
<use 33.png>
Package pdftex.def Info: 33.png  used on input line 67.
(pdftex.def)             Requested size: 195.44025pt x 190.64516pt.
<34.png, id=24, 299.9205pt x 286.9119pt>
File: 34.png Graphic file (type png)
<use 34.png>
Package pdftex.def Info: 34.png  used on input line 77.
(pdftex.def)             Requested size: 195.44025pt x 186.9677pt.

Underfull \vbox (badness 10000) has occurred while \output is active []

 [3 <./32.png> <./33.png>]
<35.png, id=30, 299.9205pt x 287.6346pt>
File: 35.png Graphic file (type png)
<use 35.png>
Package pdftex.def Info: 35.png  used on input line 87.
(pdftex.def)             Requested size: 195.44025pt x 187.43866pt.
<36.png, id=31, 299.9205pt x 287.6346pt>
File: 36.png Graphic file (type png)
<use 36.png>
Package pdftex.def Info: 36.png  used on input line 100.
(pdftex.def)             Requested size: 195.44025pt x 187.43866pt.
<36_xy.png, id=32, 424.2249pt x 312.2064pt>
File: 36_xy.png Graphic file (type png)
<use 36_xy.png>
Package pdftex.def Info: 36_xy.png  used on input line 101.
(pdftex.def)             Requested size: 195.44025pt x 143.83105pt.
<36_xz.png, id=33, 424.2249pt x 312.2064pt>
File: 36_xz.png Graphic file (type png)
<use 36_xz.png>
Package pdftex.def Info: 36_xz.png  used on input line 102.
(pdftex.def)             Requested size: 195.44025pt x 143.83105pt.
<36_yz.png, id=34, 424.2249pt x 312.2064pt>
File: 36_yz.png Graphic file (type png)
<use 36_yz.png>
Package pdftex.def Info: 36_yz.png  used on input line 103.
(pdftex.def)             Requested size: 195.44025pt x 143.83105pt.

Overfull \hbox (2.43333pt too wide) in paragraph at lines 100--104
[][] []
 []


Overfull \hbox (2.43333pt too wide) in paragraph at lines 100--104
[] [] 
 []


Underfull \vbox (badness 5652) has occurred while \output is active []

 [4 <./34.png> <./35.png>]
<37.png, id=40, 299.1978pt x 287.6346pt>
File: 37.png Graphic file (type png)
<use 37.png>
Package pdftex.def Info: 37.png  used on input line 122.
(pdftex.def)             Requested size: 195.44025pt x 187.89072pt.

Underfull \vbox (badness 10000) has occurred while \output is active []

 [5 <./36.png> <./36_xy.png> <./36_xz.png> <./36_yz.png>]
<38.png, id=48, 293.4162pt x 294.1389pt>
File: 38.png Graphic file (type png)
<use 38.png>
Package pdftex.def Info: 38.png  used on input line 142.
(pdftex.def)             Requested size: 195.44025pt x 195.92754pt.
 [6 <./37.png> <./38.png>]
<41.png, id=56, 299.9205pt x 283.2984pt>
File: 41.png Graphic file (type png)
<use 41.png>
Package pdftex.def Info: 41.png  used on input line 153.
(pdftex.def)             Requested size: 195.44025pt x 184.61295pt.

Overfull \hbox (27.37506pt too wide) in paragraph at lines 167--169
[] 
 []

<45.png, id=57, 281.1303pt x 307.8702pt>
File: 45.png Graphic file (type png)
<use 45.png>
Package pdftex.def Info: 45.png  used on input line 180.
(pdftex.def)             Requested size: 195.44025pt x 214.03258pt.
<45_1.png, id=58, 281.1303pt x 307.8702pt>
File: 45_1.png Graphic file (type png)
<use 45_1.png>
Package pdftex.def Info: 45_1.png  used on input line 181.
(pdftex.def)             Requested size: 195.44025pt x 214.03258pt.

Overfull \hbox (2.43333pt too wide) in paragraph at lines 180--182
[][] [] 
 []


Underfull \vbox (badness 10000) has occurred while \output is active []

 [7 <./41.png>]
Overfull \hbox (27.37506pt too wide) in paragraph at lines 194--196
[] 
 []

<46.png, id=64, 290.5254pt x 286.9119pt>
File: 46.png Graphic file (type png)
<use 46.png>
Package pdftex.def Info: 46.png  used on input line 208.
(pdftex.def)             Requested size: 195.44025pt x 193.01361pt.
<46_1.png, id=65, 281.1303pt x 296.307pt>
File: 46_1.png Graphic file (type png)
<use 46_1.png>
Package pdftex.def Info: 46_1.png  used on input line 209.
(pdftex.def)             Requested size: 195.44025pt x 205.9938pt.

Overfull \hbox (2.43333pt too wide) in paragraph at lines 208--210
[][] [] 
 []


Underfull \vbox (badness 10000) has occurred while \output is active []

 [8 <./45.png> <./45_1.png>]
<50.png, id=71, 289.08pt x 290.5254pt>
File: 50.png Graphic file (type png)
<use 50.png>
Package pdftex.def Info: 50.png  used on input line 231.
(pdftex.def)             Requested size: 195.44025pt x 196.41536pt.
<50_1.png, id=72, 303.534pt x 312.2064pt>
File: 50_1.png Graphic file (type png)
<use 50_1.png>
Package pdftex.def Info: 50_1.png  used on input line 232.
(pdftex.def)             Requested size: 195.44025pt x 201.02144pt.
<50_2.png, id=73, 417.7206pt x 179.2296pt>
File: 50_2.png Graphic file (type png)
<use 50_2.png>
Package pdftex.def Info: 50_2.png  used on input line 233.
(pdftex.def)             Requested size: 195.44025pt x 83.85503pt.
<50_3.png, id=74, 417.7206pt x 172.0026pt>
File: 50_3.png Graphic file (type png)
<use 50_3.png>
Package pdftex.def Info: 50_3.png  used on input line 234.
(pdftex.def)             Requested size: 195.44025pt x 80.47379pt.

Overfull \hbox (2.43333pt too wide) in paragraph at lines 231--235
[][] []
 []


Overfull \hbox (2.43333pt too wide) in paragraph at lines 231--235
[] [] 
 []


Underfull \vbox (badness 10000) has occurred while \output is active []

 [9 <./46.png> <./46_1.png>] [10 <./50.png> <./50_1.png> <./50_2.png> <./50_3.png>] (laporan_kalkulus.aux)
 ***********
LaTeX2e <2023-06-01> patch level 1
L3 programming layer <2023-08-29>
 ***********
 ) 
Here is how much of TeX's memory you used:
 7109 strings out of 475248
 145014 string characters out of 5757813
 1924801 words of memory out of 5000000
 28580 multiletter control sequences out of 15000+600000
 564033 words of font info for 57 fonts, out of 8000000 for 9000
 1141 hyphenation exceptions out of 8191
 122i,8n,121p,10991b,382s stack positions out of 10000i,1000n,20000p,200000b,200000s
<C:/Users/haeka/AppData/Local/Programs/MiKTeX/fonts/type1/public/amsfonts/cm/cmex10.pfb><C:/Users/haeka/AppData/Local/Programs/MiKTeX/fonts/type1/public/amsfonts/cm/cmmi10.pfb><C:/Users/haeka/AppData/Local/Programs/MiKTeX/fonts/type1/public/amsfonts/cm/cmmi8.pfb><C:/Users/haeka/AppData/Local/Programs/MiKTeX/fonts/type1/public/amsfonts/cm/cmr10.pfb><C:/Users/haeka/AppData/Local/Programs/MiKTeX/fonts/type1/public/amsfonts/cm/cmr12.pfb><C:/Users/haeka/AppData/Local/Programs/MiKTeX/fonts/type1/public/amsfonts/cm/cmr6.pfb><C:/Users/haeka/AppData/Local/Programs/MiKTeX/fonts/type1/public/amsfonts/cm/cmr8.pfb><C:/Users/haeka/AppData/Local/Programs/MiKTeX/fonts/type1/public/amsfonts/cm/cmssbx10.pfb><C:/Users/haeka/AppData/Local/Programs/MiKTeX/fonts/type1/public/amsfonts/cm/cmsy10.pfb>
Output written on laporan_kalkulus.pdf (10 pages, 1159140 bytes).
PDF statistics:
 125 PDF objects out of 1000 (max. 8388607)
 0 named destinations out of 1000 (max. 500000)
 111 words of extra memory for PDF output out of 10000 (max. 10000000)

